[2020-05-28 07:57:56] -- [WARN ]: [com.alibaba.druid.pool.DruidAbstractDataSource] -- oracle.jdbc.driver.OracleDriver is deprecated.Having use oracle.jdbc.OracleDriver.
[2020-05-28 07:58:41] -- [WARN ]: [com.alibaba.druid.pool.DruidAbstractDataSource] -- oracle.jdbc.driver.OracleDriver is deprecated.Having use oracle.jdbc.OracleDriver.
[2020-05-28 07:58:44] -- [WARN ]: [java.util.jar] -- Duplicate name in Manifest: Sealed.
Ensure that the manifest does not have duplicate entries, and
that blank lines separate individual sections in both your
manifest and in the META-INF/MANIFEST.MF entry in the jar file.
[2020-05-28 07:58:44] -- [WARN ]: [java.util.jar] -- Duplicate name in Manifest: Sealed.
Ensure that the manifest does not have duplicate entries, and
that blank lines separate individual sections in both your
manifest and in the META-INF/MANIFEST.MF entry in the jar file.
[2020-05-28 07:58:44] -- [WARN ]: [java.util.jar] -- Duplicate name in Manifest: Sealed.
Ensure that the manifest does not have duplicate entries, and
that blank lines separate individual sections in both your
manifest and in the META-INF/MANIFEST.MF entry in the jar file.
[2020-05-28 07:58:44] -- [WARN ]: [java.util.jar] -- Duplicate name in Manifest: Sealed.
Ensure that the manifest does not have duplicate entries, and
that blank lines separate individual sections in both your
manifest and in the META-INF/MANIFEST.MF entry in the jar file.
[2020-05-28 07:58:44] -- [WARN ]: [java.util.jar] -- Duplicate name in Manifest: Sealed.
Ensure that the manifest does not have duplicate entries, and
that blank lines separate individual sections in both your
manifest and in the META-INF/MANIFEST.MF entry in the jar file.
[2020-05-28 07:58:44] -- [WARN ]: [java.util.jar] -- Duplicate name in Manifest: Sealed.
Ensure that the manifest does not have duplicate entries, and
that blank lines separate individual sections in both your
manifest and in the META-INF/MANIFEST.MF entry in the jar file.
[2020-05-28 07:58:44] -- [WARN ]: [java.util.jar] -- Duplicate name in Manifest: Sealed.
Ensure that the manifest does not have duplicate entries, and
that blank lines separate individual sections in both your
manifest and in the META-INF/MANIFEST.MF entry in the jar file.
[2020-05-28 07:58:44] -- [WARN ]: [java.util.jar] -- Duplicate name in Manifest: Sealed.
Ensure that the manifest does not have duplicate entries, and
that blank lines separate individual sections in both your
manifest and in the META-INF/MANIFEST.MF entry in the jar file.
[2020-05-28 07:58:44] -- [WARN ]: [java.util.jar] -- Duplicate name in Manifest: Sealed.
Ensure that the manifest does not have duplicate entries, and
that blank lines separate individual sections in both your
manifest and in the META-INF/MANIFEST.MF entry in the jar file.
[2020-05-28 07:58:44] -- [WARN ]: [java.util.jar] -- Duplicate name in Manifest: Sealed.
Ensure that the manifest does not have duplicate entries, and
that blank lines separate individual sections in both your
manifest and in the META-INF/MANIFEST.MF entry in the jar file.
[2020-05-28 07:58:44] -- [WARN ]: [java.util.jar] -- Duplicate name in Manifest: Sealed.
Ensure that the manifest does not have duplicate entries, and
that blank lines separate individual sections in both your
manifest and in the META-INF/MANIFEST.MF entry in the jar file.
[2020-05-28 07:58:44] -- [WARN ]: [java.util.jar] -- Duplicate name in Manifest: Sealed.
Ensure that the manifest does not have duplicate entries, and
that blank lines separate individual sections in both your
manifest and in the META-INF/MANIFEST.MF entry in the jar file.
[2020-05-28 08:02:35] -- [WARN ]: [com.alibaba.druid.pool.DruidAbstractDataSource] -- oracle.jdbc.driver.OracleDriver is deprecated.Having use oracle.jdbc.OracleDriver.
[2020-05-28 08:02:37] -- [WARN ]: [java.util.jar] -- Duplicate name in Manifest: Sealed.
Ensure that the manifest does not have duplicate entries, and
that blank lines separate individual sections in both your
manifest and in the META-INF/MANIFEST.MF entry in the jar file.
[2020-05-28 08:02:37] -- [WARN ]: [java.util.jar] -- Duplicate name in Manifest: Sealed.
Ensure that the manifest does not have duplicate entries, and
that blank lines separate individual sections in both your
manifest and in the META-INF/MANIFEST.MF entry in the jar file.
[2020-05-28 08:02:37] -- [WARN ]: [java.util.jar] -- Duplicate name in Manifest: Sealed.
Ensure that the manifest does not have duplicate entries, and
that blank lines separate individual sections in both your
manifest and in the META-INF/MANIFEST.MF entry in the jar file.
[2020-05-28 08:02:37] -- [WARN ]: [java.util.jar] -- Duplicate name in Manifest: Sealed.
Ensure that the manifest does not have duplicate entries, and
that blank lines separate individual sections in both your
manifest and in the META-INF/MANIFEST.MF entry in the jar file.
[2020-05-28 08:02:37] -- [WARN ]: [java.util.jar] -- Duplicate name in Manifest: Sealed.
Ensure that the manifest does not have duplicate entries, and
that blank lines separate individual sections in both your
manifest and in the META-INF/MANIFEST.MF entry in the jar file.
[2020-05-28 08:02:37] -- [WARN ]: [java.util.jar] -- Duplicate name in Manifest: Sealed.
Ensure that the manifest does not have duplicate entries, and
that blank lines separate individual sections in both your
manifest and in the META-INF/MANIFEST.MF entry in the jar file.
[2020-05-28 08:02:37] -- [WARN ]: [java.util.jar] -- Duplicate name in Manifest: Sealed.
Ensure that the manifest does not have duplicate entries, and
that blank lines separate individual sections in both your
manifest and in the META-INF/MANIFEST.MF entry in the jar file.
[2020-05-28 08:02:37] -- [WARN ]: [java.util.jar] -- Duplicate name in Manifest: Sealed.
Ensure that the manifest does not have duplicate entries, and
that blank lines separate individual sections in both your
manifest and in the META-INF/MANIFEST.MF entry in the jar file.
[2020-05-28 08:02:37] -- [WARN ]: [java.util.jar] -- Duplicate name in Manifest: Sealed.
Ensure that the manifest does not have duplicate entries, and
that blank lines separate individual sections in both your
manifest and in the META-INF/MANIFEST.MF entry in the jar file.
[2020-05-28 08:02:37] -- [WARN ]: [java.util.jar] -- Duplicate name in Manifest: Sealed.
Ensure that the manifest does not have duplicate entries, and
that blank lines separate individual sections in both your
manifest and in the META-INF/MANIFEST.MF entry in the jar file.
[2020-05-28 08:02:37] -- [WARN ]: [java.util.jar] -- Duplicate name in Manifest: Sealed.
Ensure that the manifest does not have duplicate entries, and
that blank lines separate individual sections in both your
manifest and in the META-INF/MANIFEST.MF entry in the jar file.
[2020-05-28 08:02:37] -- [WARN ]: [java.util.jar] -- Duplicate name in Manifest: Sealed.
Ensure that the manifest does not have duplicate entries, and
that blank lines separate individual sections in both your
manifest and in the META-INF/MANIFEST.MF entry in the jar file.
[2020-05-28 08:04:24] -- [WARN ]: [java.util.jar] -- Duplicate name in Manifest: Sealed.
Ensure that the manifest does not have duplicate entries, and
that blank lines separate individual sections in both your
manifest and in the META-INF/MANIFEST.MF entry in the jar file.
[2020-05-28 08:04:24] -- [WARN ]: [java.util.jar] -- Duplicate name in Manifest: Sealed.
Ensure that the manifest does not have duplicate entries, and
that blank lines separate individual sections in both your
manifest and in the META-INF/MANIFEST.MF entry in the jar file.
[2020-05-28 08:04:24] -- [WARN ]: [java.util.jar] -- Duplicate name in Manifest: Sealed.
Ensure that the manifest does not have duplicate entries, and
that blank lines separate individual sections in both your
manifest and in the META-INF/MANIFEST.MF entry in the jar file.
[2020-05-28 08:04:24] -- [WARN ]: [java.util.jar] -- Duplicate name in Manifest: Sealed.
Ensure that the manifest does not have duplicate entries, and
that blank lines separate individual sections in both your
manifest and in the META-INF/MANIFEST.MF entry in the jar file.
[2020-05-28 08:04:24] -- [WARN ]: [java.util.jar] -- Duplicate name in Manifest: Sealed.
Ensure that the manifest does not have duplicate entries, and
that blank lines separate individual sections in both your
manifest and in the META-INF/MANIFEST.MF entry in the jar file.
[2020-05-28 08:04:24] -- [WARN ]: [java.util.jar] -- Duplicate name in Manifest: Sealed.
Ensure that the manifest does not have duplicate entries, and
that blank lines separate individual sections in both your
manifest and in the META-INF/MANIFEST.MF entry in the jar file.
[2020-05-28 08:12:02] -- [WARN ]: [com.alibaba.druid.pool.DruidAbstractDataSource] -- oracle.jdbc.driver.OracleDriver is deprecated.Having use oracle.jdbc.OracleDriver.
[2020-05-28 08:12:05] -- [WARN ]: [java.util.jar] -- Duplicate name in Manifest: Sealed.
Ensure that the manifest does not have duplicate entries, and
that blank lines separate individual sections in both your
manifest and in the META-INF/MANIFEST.MF entry in the jar file.
[2020-05-28 08:12:05] -- [WARN ]: [java.util.jar] -- Duplicate name in Manifest: Sealed.
Ensure that the manifest does not have duplicate entries, and
that blank lines separate individual sections in both your
manifest and in the META-INF/MANIFEST.MF entry in the jar file.
[2020-05-28 08:12:05] -- [WARN ]: [java.util.jar] -- Duplicate name in Manifest: Sealed.
Ensure that the manifest does not have duplicate entries, and
that blank lines separate individual sections in both your
manifest and in the META-INF/MANIFEST.MF entry in the jar file.
[2020-05-28 08:12:05] -- [WARN ]: [java.util.jar] -- Duplicate name in Manifest: Sealed.
Ensure that the manifest does not have duplicate entries, and
that blank lines separate individual sections in both your
manifest and in the META-INF/MANIFEST.MF entry in the jar file.
[2020-05-28 08:12:05] -- [WARN ]: [java.util.jar] -- Duplicate name in Manifest: Sealed.
Ensure that the manifest does not have duplicate entries, and
that blank lines separate individual sections in both your
manifest and in the META-INF/MANIFEST.MF entry in the jar file.
[2020-05-28 08:12:05] -- [WARN ]: [java.util.jar] -- Duplicate name in Manifest: Sealed.
Ensure that the manifest does not have duplicate entries, and
that blank lines separate individual sections in both your
manifest and in the META-INF/MANIFEST.MF entry in the jar file.
[2020-05-28 08:12:05] -- [WARN ]: [java.util.jar] -- Duplicate name in Manifest: Sealed.
Ensure that the manifest does not have duplicate entries, and
that blank lines separate individual sections in both your
manifest and in the META-INF/MANIFEST.MF entry in the jar file.
[2020-05-28 08:12:05] -- [WARN ]: [java.util.jar] -- Duplicate name in Manifest: Sealed.
Ensure that the manifest does not have duplicate entries, and
that blank lines separate individual sections in both your
manifest and in the META-INF/MANIFEST.MF entry in the jar file.
[2020-05-28 08:12:05] -- [WARN ]: [java.util.jar] -- Duplicate name in Manifest: Sealed.
Ensure that the manifest does not have duplicate entries, and
that blank lines separate individual sections in both your
manifest and in the META-INF/MANIFEST.MF entry in the jar file.
[2020-05-28 08:12:05] -- [WARN ]: [java.util.jar] -- Duplicate name in Manifest: Sealed.
Ensure that the manifest does not have duplicate entries, and
that blank lines separate individual sections in both your
manifest and in the META-INF/MANIFEST.MF entry in the jar file.
[2020-05-28 08:12:05] -- [WARN ]: [java.util.jar] -- Duplicate name in Manifest: Sealed.
Ensure that the manifest does not have duplicate entries, and
that blank lines separate individual sections in both your
manifest and in the META-INF/MANIFEST.MF entry in the jar file.
[2020-05-28 08:12:05] -- [WARN ]: [java.util.jar] -- Duplicate name in Manifest: Sealed.
Ensure that the manifest does not have duplicate entries, and
that blank lines separate individual sections in both your
manifest and in the META-INF/MANIFEST.MF entry in the jar file.
[2020-05-28 12:07:45] -- [WARN ]: [com.alibaba.druid.pool.DruidDataSource] -- close connection error
java.sql.SQLException: Io 异常: Socket read timed out
	at oracle.jdbc.driver.DatabaseError.throwSqlException(DatabaseError.java:112)
	at oracle.jdbc.driver.DatabaseError.throwSqlException(DatabaseError.java:146)
	at oracle.jdbc.driver.DatabaseError.throwSqlException(DatabaseError.java:255)
	at oracle.jdbc.driver.T4CConnection.logoff(T4CConnection.java:481)
	at oracle.jdbc.driver.PhysicalConnection.close(PhysicalConnection.java:1228)
	at com.alibaba.druid.filter.FilterChainImpl.connection_close(FilterChainImpl.java:186)
	at com.alibaba.druid.filter.FilterAdapter.connection_close(FilterAdapter.java:777)
	at com.alibaba.druid.filter.logging.LogFilter.connection_close(LogFilter.java:450)
	at com.alibaba.druid.filter.FilterChainImpl.connection_close(FilterChainImpl.java:181)
	at com.alibaba.druid.filter.FilterAdapter.connection_close(FilterAdapter.java:777)
	at com.alibaba.druid.filter.FilterChainImpl.connection_close(FilterChainImpl.java:181)
	at com.alibaba.druid.filter.stat.StatFilter.connection_close(StatFilter.java:261)
	at com.alibaba.druid.filter.FilterChainImpl.connection_close(FilterChainImpl.java:181)
	at com.alibaba.druid.proxy.jdbc.ConnectionProxyImpl.close(ConnectionProxyImpl.java:114)
	at com.alibaba.druid.pool.DruidDataSource.close(DruidDataSource.java:2010)
	at sun.reflect.NativeMethodAccessorImpl.invoke0(Native Method)
	at sun.reflect.NativeMethodAccessorImpl.invoke(NativeMethodAccessorImpl.java:62)
	at sun.reflect.DelegatingMethodAccessorImpl.invoke(DelegatingMethodAccessorImpl.java:43)
	at java.lang.reflect.Method.invoke(Method.java:498)
	at org.springframework.beans.factory.support.DisposableBeanAdapter.invokeCustomDestroyMethod(DisposableBeanAdapter.java:339)
	at org.springframework.beans.factory.support.DisposableBeanAdapter.destroy(DisposableBeanAdapter.java:273)
	at org.springframework.beans.factory.support.DefaultSingletonBeanRegistry.destroyBean(DefaultSingletonBeanRegistry.java:571)
	at org.springframework.beans.factory.support.DefaultSingletonBeanRegistry.destroySingleton(DefaultSingletonBeanRegistry.java:543)
	at org.springframework.beans.factory.support.DefaultListableBeanFactory.destroySingleton(DefaultListableBeanFactory.java:1075)
	at org.springframework.beans.factory.support.DefaultSingletonBeanRegistry.destroySingletons(DefaultSingletonBeanRegistry.java:504)
	at org.springframework.beans.factory.support.DefaultListableBeanFactory.destroySingletons(DefaultListableBeanFactory.java:1068)
	at org.springframework.context.support.AbstractApplicationContext.destroyBeans(AbstractApplicationContext.java:1060)
	at org.springframework.context.support.AbstractApplicationContext.doClose(AbstractApplicationContext.java:1029)
	at org.springframework.context.support.AbstractApplicationContext$1.run(AbstractApplicationContext.java:948)
[2020-05-28 12:08:13] -- [WARN ]: [com.alibaba.druid.pool.DruidAbstractDataSource] -- oracle.jdbc.driver.OracleDriver is deprecated.Having use oracle.jdbc.OracleDriver.
[2020-05-28 12:08:16] -- [WARN ]: [java.util.jar] -- Duplicate name in Manifest: Sealed.
Ensure that the manifest does not have duplicate entries, and
that blank lines separate individual sections in both your
manifest and in the META-INF/MANIFEST.MF entry in the jar file.
[2020-05-28 12:08:16] -- [WARN ]: [java.util.jar] -- Duplicate name in Manifest: Sealed.
Ensure that the manifest does not have duplicate entries, and
that blank lines separate individual sections in both your
manifest and in the META-INF/MANIFEST.MF entry in the jar file.
[2020-05-28 12:08:16] -- [WARN ]: [java.util.jar] -- Duplicate name in Manifest: Sealed.
Ensure that the manifest does not have duplicate entries, and
that blank lines separate individual sections in both your
manifest and in the META-INF/MANIFEST.MF entry in the jar file.
[2020-05-28 12:08:16] -- [WARN ]: [java.util.jar] -- Duplicate name in Manifest: Sealed.
Ensure that the manifest does not have duplicate entries, and
that blank lines separate individual sections in both your
manifest and in the META-INF/MANIFEST.MF entry in the jar file.
[2020-05-28 12:08:16] -- [WARN ]: [java.util.jar] -- Duplicate name in Manifest: Sealed.
Ensure that the manifest does not have duplicate entries, and
that blank lines separate individual sections in both your
manifest and in the META-INF/MANIFEST.MF entry in the jar file.
[2020-05-28 12:08:16] -- [WARN ]: [java.util.jar] -- Duplicate name in Manifest: Sealed.
Ensure that the manifest does not have duplicate entries, and
that blank lines separate individual sections in both your
manifest and in the META-INF/MANIFEST.MF entry in the jar file.
[2020-05-28 12:08:16] -- [WARN ]: [java.util.jar] -- Duplicate name in Manifest: Sealed.
Ensure that the manifest does not have duplicate entries, and
that blank lines separate individual sections in both your
manifest and in the META-INF/MANIFEST.MF entry in the jar file.
[2020-05-28 12:08:16] -- [WARN ]: [java.util.jar] -- Duplicate name in Manifest: Sealed.
Ensure that the manifest does not have duplicate entries, and
that blank lines separate individual sections in both your
manifest and in the META-INF/MANIFEST.MF entry in the jar file.
[2020-05-28 12:08:16] -- [WARN ]: [java.util.jar] -- Duplicate name in Manifest: Sealed.
Ensure that the manifest does not have duplicate entries, and
that blank lines separate individual sections in both your
manifest and in the META-INF/MANIFEST.MF entry in the jar file.
[2020-05-28 12:08:16] -- [WARN ]: [java.util.jar] -- Duplicate name in Manifest: Sealed.
Ensure that the manifest does not have duplicate entries, and
that blank lines separate individual sections in both your
manifest and in the META-INF/MANIFEST.MF entry in the jar file.
[2020-05-28 12:08:16] -- [WARN ]: [java.util.jar] -- Duplicate name in Manifest: Sealed.
Ensure that the manifest does not have duplicate entries, and
that blank lines separate individual sections in both your
manifest and in the META-INF/MANIFEST.MF entry in the jar file.
[2020-05-28 12:08:16] -- [WARN ]: [java.util.jar] -- Duplicate name in Manifest: Sealed.
Ensure that the manifest does not have duplicate entries, and
that blank lines separate individual sections in both your
manifest and in the META-INF/MANIFEST.MF entry in the jar file.
[2020-05-28 12:08:36] -- [WARN ]: [java.util.jar] -- Duplicate name in Manifest: Sealed.
Ensure that the manifest does not have duplicate entries, and
that blank lines separate individual sections in both your
manifest and in the META-INF/MANIFEST.MF entry in the jar file.
[2020-05-28 12:08:36] -- [WARN ]: [java.util.jar] -- Duplicate name in Manifest: Sealed.
Ensure that the manifest does not have duplicate entries, and
that blank lines separate individual sections in both your
manifest and in the META-INF/MANIFEST.MF entry in the jar file.
[2020-05-28 12:08:36] -- [WARN ]: [java.util.jar] -- Duplicate name in Manifest: Sealed.
Ensure that the manifest does not have duplicate entries, and
that blank lines separate individual sections in both your
manifest and in the META-INF/MANIFEST.MF entry in the jar file.
[2020-05-28 12:08:36] -- [WARN ]: [java.util.jar] -- Duplicate name in Manifest: Sealed.
Ensure that the manifest does not have duplicate entries, and
that blank lines separate individual sections in both your
manifest and in the META-INF/MANIFEST.MF entry in the jar file.
[2020-05-28 12:08:36] -- [WARN ]: [java.util.jar] -- Duplicate name in Manifest: Sealed.
Ensure that the manifest does not have duplicate entries, and
that blank lines separate individual sections in both your
manifest and in the META-INF/MANIFEST.MF entry in the jar file.
[2020-05-28 12:08:36] -- [WARN ]: [java.util.jar] -- Duplicate name in Manifest: Sealed.
Ensure that the manifest does not have duplicate entries, and
that blank lines separate individual sections in both your
manifest and in the META-INF/MANIFEST.MF entry in the jar file.
[2020-05-28 16:44:45] -- [WARN ]: [com.alibaba.druid.pool.DruidAbstractDataSource] -- oracle.jdbc.driver.OracleDriver is deprecated.Having use oracle.jdbc.OracleDriver.
[2020-05-28 16:44:48] -- [WARN ]: [java.util.jar] -- Duplicate name in Manifest: Sealed.
Ensure that the manifest does not have duplicate entries, and
that blank lines separate individual sections in both your
manifest and in the META-INF/MANIFEST.MF entry in the jar file.
[2020-05-28 16:44:48] -- [WARN ]: [java.util.jar] -- Duplicate name in Manifest: Sealed.
Ensure that the manifest does not have duplicate entries, and
that blank lines separate individual sections in both your
manifest and in the META-INF/MANIFEST.MF entry in the jar file.
[2020-05-28 16:44:48] -- [WARN ]: [java.util.jar] -- Duplicate name in Manifest: Sealed.
Ensure that the manifest does not have duplicate entries, and
that blank lines separate individual sections in both your
manifest and in the META-INF/MANIFEST.MF entry in the jar file.
[2020-05-28 16:44:48] -- [WARN ]: [java.util.jar] -- Duplicate name in Manifest: Sealed.
Ensure that the manifest does not have duplicate entries, and
that blank lines separate individual sections in both your
manifest and in the META-INF/MANIFEST.MF entry in the jar file.
[2020-05-28 16:44:48] -- [WARN ]: [java.util.jar] -- Duplicate name in Manifest: Sealed.
Ensure that the manifest does not have duplicate entries, and
that blank lines separate individual sections in both your
manifest and in the META-INF/MANIFEST.MF entry in the jar file.
[2020-05-28 16:44:48] -- [WARN ]: [java.util.jar] -- Duplicate name in Manifest: Sealed.
Ensure that the manifest does not have duplicate entries, and
that blank lines separate individual sections in both your
manifest and in the META-INF/MANIFEST.MF entry in the jar file.
[2020-05-28 16:44:48] -- [WARN ]: [java.util.jar] -- Duplicate name in Manifest: Sealed.
Ensure that the manifest does not have duplicate entries, and
that blank lines separate individual sections in both your
manifest and in the META-INF/MANIFEST.MF entry in the jar file.
[2020-05-28 16:44:48] -- [WARN ]: [java.util.jar] -- Duplicate name in Manifest: Sealed.
Ensure that the manifest does not have duplicate entries, and
that blank lines separate individual sections in both your
manifest and in the META-INF/MANIFEST.MF entry in the jar file.
[2020-05-28 16:44:48] -- [WARN ]: [java.util.jar] -- Duplicate name in Manifest: Sealed.
Ensure that the manifest does not have duplicate entries, and
that blank lines separate individual sections in both your
manifest and in the META-INF/MANIFEST.MF entry in the jar file.
[2020-05-28 16:44:48] -- [WARN ]: [java.util.jar] -- Duplicate name in Manifest: Sealed.
Ensure that the manifest does not have duplicate entries, and
that blank lines separate individual sections in both your
manifest and in the META-INF/MANIFEST.MF entry in the jar file.
[2020-05-28 16:44:48] -- [WARN ]: [java.util.jar] -- Duplicate name in Manifest: Sealed.
Ensure that the manifest does not have duplicate entries, and
that blank lines separate individual sections in both your
manifest and in the META-INF/MANIFEST.MF entry in the jar file.
[2020-05-28 16:44:48] -- [WARN ]: [java.util.jar] -- Duplicate name in Manifest: Sealed.
Ensure that the manifest does not have duplicate entries, and
that blank lines separate individual sections in both your
manifest and in the META-INF/MANIFEST.MF entry in the jar file.
[2020-05-28 16:45:45] -- [WARN ]: [com.alibaba.druid.pool.DruidAbstractDataSource] -- oracle.jdbc.driver.OracleDriver is deprecated.Having use oracle.jdbc.OracleDriver.
[2020-05-28 16:45:47] -- [WARN ]: [java.util.jar] -- Duplicate name in Manifest: Sealed.
Ensure that the manifest does not have duplicate entries, and
that blank lines separate individual sections in both your
manifest and in the META-INF/MANIFEST.MF entry in the jar file.
[2020-05-28 16:45:47] -- [WARN ]: [java.util.jar] -- Duplicate name in Manifest: Sealed.
Ensure that the manifest does not have duplicate entries, and
that blank lines separate individual sections in both your
manifest and in the META-INF/MANIFEST.MF entry in the jar file.
[2020-05-28 16:45:47] -- [WARN ]: [java.util.jar] -- Duplicate name in Manifest: Sealed.
Ensure that the manifest does not have duplicate entries, and
that blank lines separate individual sections in both your
manifest and in the META-INF/MANIFEST.MF entry in the jar file.
[2020-05-28 16:45:47] -- [WARN ]: [java.util.jar] -- Duplicate name in Manifest: Sealed.
Ensure that the manifest does not have duplicate entries, and
that blank lines separate individual sections in both your
manifest and in the META-INF/MANIFEST.MF entry in the jar file.
[2020-05-28 16:45:47] -- [WARN ]: [java.util.jar] -- Duplicate name in Manifest: Sealed.
Ensure that the manifest does not have duplicate entries, and
that blank lines separate individual sections in both your
manifest and in the META-INF/MANIFEST.MF entry in the jar file.
[2020-05-28 16:45:47] -- [WARN ]: [java.util.jar] -- Duplicate name in Manifest: Sealed.
Ensure that the manifest does not have duplicate entries, and
that blank lines separate individual sections in both your
manifest and in the META-INF/MANIFEST.MF entry in the jar file.
[2020-05-28 16:45:48] -- [WARN ]: [java.util.jar] -- Duplicate name in Manifest: Sealed.
Ensure that the manifest does not have duplicate entries, and
that blank lines separate individual sections in both your
manifest and in the META-INF/MANIFEST.MF entry in the jar file.
[2020-05-28 16:45:48] -- [WARN ]: [java.util.jar] -- Duplicate name in Manifest: Sealed.
Ensure that the manifest does not have duplicate entries, and
that blank lines separate individual sections in both your
manifest and in the META-INF/MANIFEST.MF entry in the jar file.
[2020-05-28 16:45:48] -- [WARN ]: [java.util.jar] -- Duplicate name in Manifest: Sealed.
Ensure that the manifest does not have duplicate entries, and
that blank lines separate individual sections in both your
manifest and in the META-INF/MANIFEST.MF entry in the jar file.
[2020-05-28 16:45:48] -- [WARN ]: [java.util.jar] -- Duplicate name in Manifest: Sealed.
Ensure that the manifest does not have duplicate entries, and
that blank lines separate individual sections in both your
manifest and in the META-INF/MANIFEST.MF entry in the jar file.
[2020-05-28 16:45:48] -- [WARN ]: [java.util.jar] -- Duplicate name in Manifest: Sealed.
Ensure that the manifest does not have duplicate entries, and
that blank lines separate individual sections in both your
manifest and in the META-INF/MANIFEST.MF entry in the jar file.
[2020-05-28 16:45:48] -- [WARN ]: [java.util.jar] -- Duplicate name in Manifest: Sealed.
Ensure that the manifest does not have duplicate entries, and
that blank lines separate individual sections in both your
manifest and in the META-INF/MANIFEST.MF entry in the jar file.
[2020-05-28 16:46:10] -- [WARN ]: [java.util.jar] -- Duplicate name in Manifest: Sealed.
Ensure that the manifest does not have duplicate entries, and
that blank lines separate individual sections in both your
manifest and in the META-INF/MANIFEST.MF entry in the jar file.
[2020-05-28 16:46:10] -- [WARN ]: [java.util.jar] -- Duplicate name in Manifest: Sealed.
Ensure that the manifest does not have duplicate entries, and
that blank lines separate individual sections in both your
manifest and in the META-INF/MANIFEST.MF entry in the jar file.
[2020-05-28 16:46:10] -- [WARN ]: [java.util.jar] -- Duplicate name in Manifest: Sealed.
Ensure that the manifest does not have duplicate entries, and
that blank lines separate individual sections in both your
manifest and in the META-INF/MANIFEST.MF entry in the jar file.
[2020-05-28 16:46:10] -- [WARN ]: [java.util.jar] -- Duplicate name in Manifest: Sealed.
Ensure that the manifest does not have duplicate entries, and
that blank lines separate individual sections in both your
manifest and in the META-INF/MANIFEST.MF entry in the jar file.
[2020-05-28 16:46:10] -- [WARN ]: [java.util.jar] -- Duplicate name in Manifest: Sealed.
Ensure that the manifest does not have duplicate entries, and
that blank lines separate individual sections in both your
manifest and in the META-INF/MANIFEST.MF entry in the jar file.
[2020-05-28 16:46:10] -- [WARN ]: [java.util.jar] -- Duplicate name in Manifest: Sealed.
Ensure that the manifest does not have duplicate entries, and
that blank lines separate individual sections in both your
manifest and in the META-INF/MANIFEST.MF entry in the jar file.
[2020-05-28 19:14:33] -- [WARN ]: [com.alibaba.druid.pool.DruidDataSource] -- close connection error
java.sql.SQLException: Io 异常: Socket read timed out
	at oracle.jdbc.driver.DatabaseError.throwSqlException(DatabaseError.java:112)
	at oracle.jdbc.driver.DatabaseError.throwSqlException(DatabaseError.java:146)
	at oracle.jdbc.driver.DatabaseError.throwSqlException(DatabaseError.java:255)
	at oracle.jdbc.driver.T4CConnection.logoff(T4CConnection.java:481)
	at oracle.jdbc.driver.PhysicalConnection.close(PhysicalConnection.java:1228)
	at com.alibaba.druid.filter.FilterChainImpl.connection_close(FilterChainImpl.java:186)
	at com.alibaba.druid.filter.FilterAdapter.connection_close(FilterAdapter.java:777)
	at com.alibaba.druid.filter.logging.LogFilter.connection_close(LogFilter.java:450)
	at com.alibaba.druid.filter.FilterChainImpl.connection_close(FilterChainImpl.java:181)
	at com.alibaba.druid.filter.FilterAdapter.connection_close(FilterAdapter.java:777)
	at com.alibaba.druid.filter.FilterChainImpl.connection_close(FilterChainImpl.java:181)
	at com.alibaba.druid.filter.stat.StatFilter.connection_close(StatFilter.java:261)
	at com.alibaba.druid.filter.FilterChainImpl.connection_close(FilterChainImpl.java:181)
	at com.alibaba.druid.proxy.jdbc.ConnectionProxyImpl.close(ConnectionProxyImpl.java:114)
	at com.alibaba.druid.pool.DruidDataSource.close(DruidDataSource.java:2010)
	at sun.reflect.NativeMethodAccessorImpl.invoke0(Native Method)
	at sun.reflect.NativeMethodAccessorImpl.invoke(NativeMethodAccessorImpl.java:62)
	at sun.reflect.DelegatingMethodAccessorImpl.invoke(DelegatingMethodAccessorImpl.java:43)
	at java.lang.reflect.Method.invoke(Method.java:498)
	at org.springframework.beans.factory.support.DisposableBeanAdapter.invokeCustomDestroyMethod(DisposableBeanAdapter.java:339)
	at org.springframework.beans.factory.support.DisposableBeanAdapter.destroy(DisposableBeanAdapter.java:273)
	at org.springframework.beans.factory.support.DefaultSingletonBeanRegistry.destroyBean(DefaultSingletonBeanRegistry.java:571)
	at org.springframework.beans.factory.support.DefaultSingletonBeanRegistry.destroySingleton(DefaultSingletonBeanRegistry.java:543)
	at org.springframework.beans.factory.support.DefaultListableBeanFactory.destroySingleton(DefaultListableBeanFactory.java:1075)
	at org.springframework.beans.factory.support.DefaultSingletonBeanRegistry.destroySingletons(DefaultSingletonBeanRegistry.java:504)
	at org.springframework.beans.factory.support.DefaultListableBeanFactory.destroySingletons(DefaultListableBeanFactory.java:1068)
	at org.springframework.context.support.AbstractApplicationContext.destroyBeans(AbstractApplicationContext.java:1060)
	at org.springframework.context.support.AbstractApplicationContext.doClose(AbstractApplicationContext.java:1029)
	at org.springframework.context.support.AbstractApplicationContext.close(AbstractApplicationContext.java:978)
	at org.springframework.boot.devtools.restart.Restarter.stop(Restarter.java:309)
	at org.springframework.boot.devtools.restart.Restarter.lambda$restart$1(Restarter.java:251)
	at org.springframework.boot.devtools.restart.Restarter$LeakSafeThread.run(Restarter.java:629)
[2020-05-28 19:14:39] -- [WARN ]: [com.alibaba.druid.pool.DruidAbstractDataSource] -- oracle.jdbc.driver.OracleDriver is deprecated.Having use oracle.jdbc.OracleDriver.
[2020-05-28 19:14:42] -- [WARN ]: [java.util.jar] -- Duplicate name in Manifest: Sealed.
Ensure that the manifest does not have duplicate entries, and
that blank lines separate individual sections in both your
manifest and in the META-INF/MANIFEST.MF entry in the jar file.
[2020-05-28 19:14:42] -- [WARN ]: [java.util.jar] -- Duplicate name in Manifest: Sealed.
Ensure that the manifest does not have duplicate entries, and
that blank lines separate individual sections in both your
manifest and in the META-INF/MANIFEST.MF entry in the jar file.
[2020-05-28 19:14:42] -- [WARN ]: [java.util.jar] -- Duplicate name in Manifest: Sealed.
Ensure that the manifest does not have duplicate entries, and
that blank lines separate individual sections in both your
manifest and in the META-INF/MANIFEST.MF entry in the jar file.
[2020-05-28 19:14:42] -- [WARN ]: [java.util.jar] -- Duplicate name in Manifest: Sealed.
Ensure that the manifest does not have duplicate entries, and
that blank lines separate individual sections in both your
manifest and in the META-INF/MANIFEST.MF entry in the jar file.
[2020-05-28 19:14:42] -- [WARN ]: [java.util.jar] -- Duplicate name in Manifest: Sealed.
Ensure that the manifest does not have duplicate entries, and
that blank lines separate individual sections in both your
manifest and in the META-INF/MANIFEST.MF entry in the jar file.
[2020-05-28 19:14:42] -- [WARN ]: [java.util.jar] -- Duplicate name in Manifest: Sealed.
Ensure that the manifest does not have duplicate entries, and
that blank lines separate individual sections in both your
manifest and in the META-INF/MANIFEST.MF entry in the jar file.
[2020-05-28 19:14:42] -- [WARN ]: [java.util.jar] -- Duplicate name in Manifest: Sealed.
Ensure that the manifest does not have duplicate entries, and
that blank lines separate individual sections in both your
manifest and in the META-INF/MANIFEST.MF entry in the jar file.
[2020-05-28 19:14:42] -- [WARN ]: [java.util.jar] -- Duplicate name in Manifest: Sealed.
Ensure that the manifest does not have duplicate entries, and
that blank lines separate individual sections in both your
manifest and in the META-INF/MANIFEST.MF entry in the jar file.
[2020-05-28 19:14:42] -- [WARN ]: [java.util.jar] -- Duplicate name in Manifest: Sealed.
Ensure that the manifest does not have duplicate entries, and
that blank lines separate individual sections in both your
manifest and in the META-INF/MANIFEST.MF entry in the jar file.
[2020-05-28 19:14:42] -- [WARN ]: [java.util.jar] -- Duplicate name in Manifest: Sealed.
Ensure that the manifest does not have duplicate entries, and
that blank lines separate individual sections in both your
manifest and in the META-INF/MANIFEST.MF entry in the jar file.
[2020-05-28 19:14:42] -- [WARN ]: [java.util.jar] -- Duplicate name in Manifest: Sealed.
Ensure that the manifest does not have duplicate entries, and
that blank lines separate individual sections in both your
manifest and in the META-INF/MANIFEST.MF entry in the jar file.
[2020-05-28 19:14:42] -- [WARN ]: [java.util.jar] -- Duplicate name in Manifest: Sealed.
Ensure that the manifest does not have duplicate entries, and
that blank lines separate individual sections in both your
manifest and in the META-INF/MANIFEST.MF entry in the jar file.
[2020-05-28 19:14:52] -- [WARN ]: [com.alibaba.druid.pool.DruidDataSource] -- close connection error
java.sql.SQLException: Io 异常: Socket read timed out
	at oracle.jdbc.driver.DatabaseError.throwSqlException(DatabaseError.java:112)
	at oracle.jdbc.driver.DatabaseError.throwSqlException(DatabaseError.java:146)
	at oracle.jdbc.driver.DatabaseError.throwSqlException(DatabaseError.java:255)
	at oracle.jdbc.driver.T4CConnection.logoff(T4CConnection.java:481)
	at oracle.jdbc.driver.PhysicalConnection.close(PhysicalConnection.java:1228)
	at com.alibaba.druid.filter.FilterChainImpl.connection_close(FilterChainImpl.java:186)
	at com.alibaba.druid.filter.FilterAdapter.connection_close(FilterAdapter.java:777)
	at com.alibaba.druid.filter.logging.LogFilter.connection_close(LogFilter.java:450)
	at com.alibaba.druid.filter.FilterChainImpl.connection_close(FilterChainImpl.java:181)
	at com.alibaba.druid.filter.FilterAdapter.connection_close(FilterAdapter.java:777)
	at com.alibaba.druid.filter.FilterChainImpl.connection_close(FilterChainImpl.java:181)
	at com.alibaba.druid.filter.stat.StatFilter.connection_close(StatFilter.java:261)
	at com.alibaba.druid.filter.FilterChainImpl.connection_close(FilterChainImpl.java:181)
	at com.alibaba.druid.proxy.jdbc.ConnectionProxyImpl.close(ConnectionProxyImpl.java:114)
	at com.alibaba.druid.pool.DruidDataSource.close(DruidDataSource.java:2010)
	at sun.reflect.NativeMethodAccessorImpl.invoke0(Native Method)
	at sun.reflect.NativeMethodAccessorImpl.invoke(NativeMethodAccessorImpl.java:62)
	at sun.reflect.DelegatingMethodAccessorImpl.invoke(DelegatingMethodAccessorImpl.java:43)
	at java.lang.reflect.Method.invoke(Method.java:498)
	at org.springframework.beans.factory.support.DisposableBeanAdapter.invokeCustomDestroyMethod(DisposableBeanAdapter.java:339)
	at org.springframework.beans.factory.support.DisposableBeanAdapter.destroy(DisposableBeanAdapter.java:273)
	at org.springframework.beans.factory.support.DefaultSingletonBeanRegistry.destroyBean(DefaultSingletonBeanRegistry.java:571)
	at org.springframework.beans.factory.support.DefaultSingletonBeanRegistry.destroySingleton(DefaultSingletonBeanRegistry.java:543)
	at org.springframework.beans.factory.support.DefaultListableBeanFactory.destroySingleton(DefaultListableBeanFactory.java:1075)
	at org.springframework.beans.factory.support.DefaultSingletonBeanRegistry.destroySingletons(DefaultSingletonBeanRegistry.java:504)
	at org.springframework.beans.factory.support.DefaultListableBeanFactory.destroySingletons(DefaultListableBeanFactory.java:1068)
	at org.springframework.context.support.AbstractApplicationContext.destroyBeans(AbstractApplicationContext.java:1060)
	at org.springframework.context.support.AbstractApplicationContext.doClose(AbstractApplicationContext.java:1029)
	at org.springframework.context.support.AbstractApplicationContext.close(AbstractApplicationContext.java:978)
	at org.springframework.boot.devtools.restart.Restarter.stop(Restarter.java:309)
	at org.springframework.boot.devtools.restart.Restarter.lambda$restart$1(Restarter.java:251)
	at org.springframework.boot.devtools.restart.Restarter$LeakSafeThread.run(Restarter.java:629)
[2020-05-28 19:15:11] -- [WARN ]: [com.alibaba.druid.pool.DruidDataSource] -- close connection error
java.sql.SQLException: Io 异常: Socket read timed out
	at oracle.jdbc.driver.DatabaseError.throwSqlException(DatabaseError.java:112)
	at oracle.jdbc.driver.DatabaseError.throwSqlException(DatabaseError.java:146)
	at oracle.jdbc.driver.DatabaseError.throwSqlException(DatabaseError.java:255)
	at oracle.jdbc.driver.T4CConnection.logoff(T4CConnection.java:481)
	at oracle.jdbc.driver.PhysicalConnection.close(PhysicalConnection.java:1228)
	at com.alibaba.druid.filter.FilterChainImpl.connection_close(FilterChainImpl.java:186)
	at com.alibaba.druid.filter.FilterAdapter.connection_close(FilterAdapter.java:777)
	at com.alibaba.druid.filter.logging.LogFilter.connection_close(LogFilter.java:450)
	at com.alibaba.druid.filter.FilterChainImpl.connection_close(FilterChainImpl.java:181)
	at com.alibaba.druid.filter.FilterAdapter.connection_close(FilterAdapter.java:777)
	at com.alibaba.druid.filter.FilterChainImpl.connection_close(FilterChainImpl.java:181)
	at com.alibaba.druid.filter.stat.StatFilter.connection_close(StatFilter.java:261)
	at com.alibaba.druid.filter.FilterChainImpl.connection_close(FilterChainImpl.java:181)
	at com.alibaba.druid.proxy.jdbc.ConnectionProxyImpl.close(ConnectionProxyImpl.java:114)
	at com.alibaba.druid.pool.DruidDataSource.close(DruidDataSource.java:2010)
	at sun.reflect.NativeMethodAccessorImpl.invoke0(Native Method)
	at sun.reflect.NativeMethodAccessorImpl.invoke(NativeMethodAccessorImpl.java:62)
	at sun.reflect.DelegatingMethodAccessorImpl.invoke(DelegatingMethodAccessorImpl.java:43)
	at java.lang.reflect.Method.invoke(Method.java:498)
	at org.springframework.beans.factory.support.DisposableBeanAdapter.invokeCustomDestroyMethod(DisposableBeanAdapter.java:339)
	at org.springframework.beans.factory.support.DisposableBeanAdapter.destroy(DisposableBeanAdapter.java:273)
	at org.springframework.beans.factory.support.DefaultSingletonBeanRegistry.destroyBean(DefaultSingletonBeanRegistry.java:571)
	at org.springframework.beans.factory.support.DefaultSingletonBeanRegistry.destroySingleton(DefaultSingletonBeanRegistry.java:543)
	at org.springframework.beans.factory.support.DefaultListableBeanFactory.destroySingleton(DefaultListableBeanFactory.java:1075)
	at org.springframework.beans.factory.support.DefaultSingletonBeanRegistry.destroySingletons(DefaultSingletonBeanRegistry.java:504)
	at org.springframework.beans.factory.support.DefaultListableBeanFactory.destroySingletons(DefaultListableBeanFactory.java:1068)
	at org.springframework.context.support.AbstractApplicationContext.destroyBeans(AbstractApplicationContext.java:1060)
	at org.springframework.context.support.AbstractApplicationContext.doClose(AbstractApplicationContext.java:1029)
	at org.springframework.context.support.AbstractApplicationContext.close(AbstractApplicationContext.java:978)
	at org.springframework.boot.devtools.restart.Restarter.stop(Restarter.java:309)
	at org.springframework.boot.devtools.restart.Restarter.lambda$restart$1(Restarter.java:251)
	at org.springframework.boot.devtools.restart.Restarter$LeakSafeThread.run(Restarter.java:629)
[2020-05-28 19:15:30] -- [WARN ]: [com.alibaba.druid.pool.DruidDataSource] -- close connection error
java.sql.SQLException: Io 异常: Socket read timed out
	at oracle.jdbc.driver.DatabaseError.throwSqlException(DatabaseError.java:112)
	at oracle.jdbc.driver.DatabaseError.throwSqlException(DatabaseError.java:146)
	at oracle.jdbc.driver.DatabaseError.throwSqlException(DatabaseError.java:255)
	at oracle.jdbc.driver.T4CConnection.logoff(T4CConnection.java:481)
	at oracle.jdbc.driver.PhysicalConnection.close(PhysicalConnection.java:1228)
	at com.alibaba.druid.filter.FilterChainImpl.connection_close(FilterChainImpl.java:186)
	at com.alibaba.druid.filter.FilterAdapter.connection_close(FilterAdapter.java:777)
	at com.alibaba.druid.filter.logging.LogFilter.connection_close(LogFilter.java:450)
	at com.alibaba.druid.filter.FilterChainImpl.connection_close(FilterChainImpl.java:181)
	at com.alibaba.druid.filter.FilterAdapter.connection_close(FilterAdapter.java:777)
	at com.alibaba.druid.filter.FilterChainImpl.connection_close(FilterChainImpl.java:181)
	at com.alibaba.druid.filter.stat.StatFilter.connection_close(StatFilter.java:261)
	at com.alibaba.druid.filter.FilterChainImpl.connection_close(FilterChainImpl.java:181)
	at com.alibaba.druid.proxy.jdbc.ConnectionProxyImpl.close(ConnectionProxyImpl.java:114)
	at com.alibaba.druid.pool.DruidDataSource.close(DruidDataSource.java:2010)
	at sun.reflect.NativeMethodAccessorImpl.invoke0(Native Method)
	at sun.reflect.NativeMethodAccessorImpl.invoke(NativeMethodAccessorImpl.java:62)
	at sun.reflect.DelegatingMethodAccessorImpl.invoke(DelegatingMethodAccessorImpl.java:43)
	at java.lang.reflect.Method.invoke(Method.java:498)
	at org.springframework.beans.factory.support.DisposableBeanAdapter.invokeCustomDestroyMethod(DisposableBeanAdapter.java:339)
	at org.springframework.beans.factory.support.DisposableBeanAdapter.destroy(DisposableBeanAdapter.java:273)
	at org.springframework.beans.factory.support.DefaultSingletonBeanRegistry.destroyBean(DefaultSingletonBeanRegistry.java:571)
	at org.springframework.beans.factory.support.DefaultSingletonBeanRegistry.destroySingleton(DefaultSingletonBeanRegistry.java:543)
	at org.springframework.beans.factory.support.DefaultListableBeanFactory.destroySingleton(DefaultListableBeanFactory.java:1075)
	at org.springframework.beans.factory.support.DefaultSingletonBeanRegistry.destroySingletons(DefaultSingletonBeanRegistry.java:504)
	at org.springframework.beans.factory.support.DefaultListableBeanFactory.destroySingletons(DefaultListableBeanFactory.java:1068)
	at org.springframework.context.support.AbstractApplicationContext.destroyBeans(AbstractApplicationContext.java:1060)
	at org.springframework.context.support.AbstractApplicationContext.doClose(AbstractApplicationContext.java:1029)
	at org.springframework.context.support.AbstractApplicationContext.close(AbstractApplicationContext.java:978)
	at org.springframework.boot.devtools.restart.Restarter.stop(Restarter.java:309)
	at org.springframework.boot.devtools.restart.Restarter.lambda$restart$1(Restarter.java:251)
	at org.springframework.boot.devtools.restart.Restarter$LeakSafeThread.run(Restarter.java:629)
[2020-05-28 19:15:30] -- [WARN ]: [com.alibaba.druid.pool.DruidAbstractDataSource] -- oracle.jdbc.driver.OracleDriver is deprecated.Having use oracle.jdbc.OracleDriver.
[2020-05-28 19:15:34] -- [WARN ]: [java.util.jar] -- Duplicate name in Manifest: Sealed.
Ensure that the manifest does not have duplicate entries, and
that blank lines separate individual sections in both your
manifest and in the META-INF/MANIFEST.MF entry in the jar file.
[2020-05-28 19:15:34] -- [WARN ]: [java.util.jar] -- Duplicate name in Manifest: Sealed.
Ensure that the manifest does not have duplicate entries, and
that blank lines separate individual sections in both your
manifest and in the META-INF/MANIFEST.MF entry in the jar file.
[2020-05-28 19:15:34] -- [WARN ]: [java.util.jar] -- Duplicate name in Manifest: Sealed.
Ensure that the manifest does not have duplicate entries, and
that blank lines separate individual sections in both your
manifest and in the META-INF/MANIFEST.MF entry in the jar file.
[2020-05-28 19:15:34] -- [WARN ]: [java.util.jar] -- Duplicate name in Manifest: Sealed.
Ensure that the manifest does not have duplicate entries, and
that blank lines separate individual sections in both your
manifest and in the META-INF/MANIFEST.MF entry in the jar file.
[2020-05-28 19:15:34] -- [WARN ]: [java.util.jar] -- Duplicate name in Manifest: Sealed.
Ensure that the manifest does not have duplicate entries, and
that blank lines separate individual sections in both your
manifest and in the META-INF/MANIFEST.MF entry in the jar file.
[2020-05-28 19:15:34] -- [WARN ]: [java.util.jar] -- Duplicate name in Manifest: Sealed.
Ensure that the manifest does not have duplicate entries, and
that blank lines separate individual sections in both your
manifest and in the META-INF/MANIFEST.MF entry in the jar file.
[2020-05-28 19:15:34] -- [WARN ]: [java.util.jar] -- Duplicate name in Manifest: Sealed.
Ensure that the manifest does not have duplicate entries, and
that blank lines separate individual sections in both your
manifest and in the META-INF/MANIFEST.MF entry in the jar file.
[2020-05-28 19:15:34] -- [WARN ]: [java.util.jar] -- Duplicate name in Manifest: Sealed.
Ensure that the manifest does not have duplicate entries, and
that blank lines separate individual sections in both your
manifest and in the META-INF/MANIFEST.MF entry in the jar file.
[2020-05-28 19:15:34] -- [WARN ]: [java.util.jar] -- Duplicate name in Manifest: Sealed.
Ensure that the manifest does not have duplicate entries, and
that blank lines separate individual sections in both your
manifest and in the META-INF/MANIFEST.MF entry in the jar file.
[2020-05-28 19:15:34] -- [WARN ]: [java.util.jar] -- Duplicate name in Manifest: Sealed.
Ensure that the manifest does not have duplicate entries, and
that blank lines separate individual sections in both your
manifest and in the META-INF/MANIFEST.MF entry in the jar file.
[2020-05-28 19:15:34] -- [WARN ]: [java.util.jar] -- Duplicate name in Manifest: Sealed.
Ensure that the manifest does not have duplicate entries, and
that blank lines separate individual sections in both your
manifest and in the META-INF/MANIFEST.MF entry in the jar file.
[2020-05-28 19:15:34] -- [WARN ]: [java.util.jar] -- Duplicate name in Manifest: Sealed.
Ensure that the manifest does not have duplicate entries, and
that blank lines separate individual sections in both your
manifest and in the META-INF/MANIFEST.MF entry in the jar file.
[2020-05-28 19:15:49] -- [WARN ]: [com.alibaba.druid.pool.DruidDataSource] -- close connection error
java.sql.SQLException: Io 异常: Socket read timed out
	at oracle.jdbc.driver.DatabaseError.throwSqlException(DatabaseError.java:112)
	at oracle.jdbc.driver.DatabaseError.throwSqlException(DatabaseError.java:146)
	at oracle.jdbc.driver.DatabaseError.throwSqlException(DatabaseError.java:255)
	at oracle.jdbc.driver.T4CConnection.logoff(T4CConnection.java:481)
	at oracle.jdbc.driver.PhysicalConnection.close(PhysicalConnection.java:1228)
	at com.alibaba.druid.filter.FilterChainImpl.connection_close(FilterChainImpl.java:186)
	at com.alibaba.druid.filter.FilterAdapter.connection_close(FilterAdapter.java:777)
	at com.alibaba.druid.filter.logging.LogFilter.connection_close(LogFilter.java:450)
	at com.alibaba.druid.filter.FilterChainImpl.connection_close(FilterChainImpl.java:181)
	at com.alibaba.druid.filter.FilterAdapter.connection_close(FilterAdapter.java:777)
	at com.alibaba.druid.filter.FilterChainImpl.connection_close(FilterChainImpl.java:181)
	at com.alibaba.druid.filter.stat.StatFilter.connection_close(StatFilter.java:261)
	at com.alibaba.druid.filter.FilterChainImpl.connection_close(FilterChainImpl.java:181)
	at com.alibaba.druid.proxy.jdbc.ConnectionProxyImpl.close(ConnectionProxyImpl.java:114)
	at com.alibaba.druid.pool.DruidDataSource.close(DruidDataSource.java:2010)
	at sun.reflect.NativeMethodAccessorImpl.invoke0(Native Method)
	at sun.reflect.NativeMethodAccessorImpl.invoke(NativeMethodAccessorImpl.java:62)
	at sun.reflect.DelegatingMethodAccessorImpl.invoke(DelegatingMethodAccessorImpl.java:43)
	at java.lang.reflect.Method.invoke(Method.java:498)
	at org.springframework.beans.factory.support.DisposableBeanAdapter.invokeCustomDestroyMethod(DisposableBeanAdapter.java:339)
	at org.springframework.beans.factory.support.DisposableBeanAdapter.destroy(DisposableBeanAdapter.java:273)
	at org.springframework.beans.factory.support.DefaultSingletonBeanRegistry.destroyBean(DefaultSingletonBeanRegistry.java:571)
	at org.springframework.beans.factory.support.DefaultSingletonBeanRegistry.destroySingleton(DefaultSingletonBeanRegistry.java:543)
	at org.springframework.beans.factory.support.DefaultListableBeanFactory.destroySingleton(DefaultListableBeanFactory.java:1075)
	at org.springframework.beans.factory.support.DefaultSingletonBeanRegistry.destroySingletons(DefaultSingletonBeanRegistry.java:504)
	at org.springframework.beans.factory.support.DefaultListableBeanFactory.destroySingletons(DefaultListableBeanFactory.java:1068)
	at org.springframework.context.support.AbstractApplicationContext.destroyBeans(AbstractApplicationContext.java:1060)
	at org.springframework.context.support.AbstractApplicationContext.doClose(AbstractApplicationContext.java:1029)
	at org.springframework.context.support.AbstractApplicationContext.close(AbstractApplicationContext.java:978)
	at org.springframework.boot.devtools.restart.Restarter.stop(Restarter.java:309)
	at org.springframework.boot.devtools.restart.Restarter.lambda$restart$1(Restarter.java:251)
	at org.springframework.boot.devtools.restart.Restarter$LeakSafeThread.run(Restarter.java:629)
[2020-05-28 19:15:52] -- [WARN ]: [com.alibaba.druid.pool.DruidAbstractDataSource] -- oracle.jdbc.driver.OracleDriver is deprecated.Having use oracle.jdbc.OracleDriver.
[2020-05-28 19:15:53] -- [WARN ]: [java.util.jar] -- Duplicate name in Manifest: Sealed.
Ensure that the manifest does not have duplicate entries, and
that blank lines separate individual sections in both your
manifest and in the META-INF/MANIFEST.MF entry in the jar file.
[2020-05-28 19:15:53] -- [WARN ]: [java.util.jar] -- Duplicate name in Manifest: Sealed.
Ensure that the manifest does not have duplicate entries, and
that blank lines separate individual sections in both your
manifest and in the META-INF/MANIFEST.MF entry in the jar file.
[2020-05-28 19:15:53] -- [WARN ]: [java.util.jar] -- Duplicate name in Manifest: Sealed.
Ensure that the manifest does not have duplicate entries, and
that blank lines separate individual sections in both your
manifest and in the META-INF/MANIFEST.MF entry in the jar file.
[2020-05-28 19:15:53] -- [WARN ]: [java.util.jar] -- Duplicate name in Manifest: Sealed.
Ensure that the manifest does not have duplicate entries, and
that blank lines separate individual sections in both your
manifest and in the META-INF/MANIFEST.MF entry in the jar file.
[2020-05-28 19:15:53] -- [WARN ]: [java.util.jar] -- Duplicate name in Manifest: Sealed.
Ensure that the manifest does not have duplicate entries, and
that blank lines separate individual sections in both your
manifest and in the META-INF/MANIFEST.MF entry in the jar file.
[2020-05-28 19:15:53] -- [WARN ]: [java.util.jar] -- Duplicate name in Manifest: Sealed.
Ensure that the manifest does not have duplicate entries, and
that blank lines separate individual sections in both your
manifest and in the META-INF/MANIFEST.MF entry in the jar file.
[2020-05-28 19:16:10] -- [WARN ]: [java.util.jar] -- Duplicate name in Manifest: Sealed.
Ensure that the manifest does not have duplicate entries, and
that blank lines separate individual sections in both your
manifest and in the META-INF/MANIFEST.MF entry in the jar file.
[2020-05-28 19:16:10] -- [WARN ]: [java.util.jar] -- Duplicate name in Manifest: Sealed.
Ensure that the manifest does not have duplicate entries, and
that blank lines separate individual sections in both your
manifest and in the META-INF/MANIFEST.MF entry in the jar file.
[2020-05-28 19:16:10] -- [WARN ]: [java.util.jar] -- Duplicate name in Manifest: Sealed.
Ensure that the manifest does not have duplicate entries, and
that blank lines separate individual sections in both your
manifest and in the META-INF/MANIFEST.MF entry in the jar file.
[2020-05-28 19:16:10] -- [WARN ]: [java.util.jar] -- Duplicate name in Manifest: Sealed.
Ensure that the manifest does not have duplicate entries, and
that blank lines separate individual sections in both your
manifest and in the META-INF/MANIFEST.MF entry in the jar file.
[2020-05-28 19:16:10] -- [WARN ]: [java.util.jar] -- Duplicate name in Manifest: Sealed.
Ensure that the manifest does not have duplicate entries, and
that blank lines separate individual sections in both your
manifest and in the META-INF/MANIFEST.MF entry in the jar file.
[2020-05-28 19:16:10] -- [WARN ]: [java.util.jar] -- Duplicate name in Manifest: Sealed.
Ensure that the manifest does not have duplicate entries, and
that blank lines separate individual sections in both your
manifest and in the META-INF/MANIFEST.MF entry in the jar file.
[2020-05-28 22:39:48] -- [WARN ]: [com.alibaba.druid.pool.DruidAbstractDataSource] -- oracle.jdbc.driver.OracleDriver is deprecated.Having use oracle.jdbc.OracleDriver.
[2020-05-28 22:39:52] -- [WARN ]: [java.util.jar] -- Duplicate name in Manifest: Sealed.
Ensure that the manifest does not have duplicate entries, and
that blank lines separate individual sections in both your
manifest and in the META-INF/MANIFEST.MF entry in the jar file.
[2020-05-28 22:39:52] -- [WARN ]: [java.util.jar] -- Duplicate name in Manifest: Sealed.
Ensure that the manifest does not have duplicate entries, and
that blank lines separate individual sections in both your
manifest and in the META-INF/MANIFEST.MF entry in the jar file.
[2020-05-28 22:39:52] -- [WARN ]: [java.util.jar] -- Duplicate name in Manifest: Sealed.
Ensure that the manifest does not have duplicate entries, and
that blank lines separate individual sections in both your
manifest and in the META-INF/MANIFEST.MF entry in the jar file.
[2020-05-28 22:39:52] -- [WARN ]: [java.util.jar] -- Duplicate name in Manifest: Sealed.
Ensure that the manifest does not have duplicate entries, and
that blank lines separate individual sections in both your
manifest and in the META-INF/MANIFEST.MF entry in the jar file.
[2020-05-28 22:39:52] -- [WARN ]: [java.util.jar] -- Duplicate name in Manifest: Sealed.
Ensure that the manifest does not have duplicate entries, and
that blank lines separate individual sections in both your
manifest and in the META-INF/MANIFEST.MF entry in the jar file.
[2020-05-28 22:39:52] -- [WARN ]: [java.util.jar] -- Duplicate name in Manifest: Sealed.
Ensure that the manifest does not have duplicate entries, and
that blank lines separate individual sections in both your
manifest and in the META-INF/MANIFEST.MF entry in the jar file.
[2020-05-28 22:39:52] -- [WARN ]: [java.util.jar] -- Duplicate name in Manifest: Sealed.
Ensure that the manifest does not have duplicate entries, and
that blank lines separate individual sections in both your
manifest and in the META-INF/MANIFEST.MF entry in the jar file.
[2020-05-28 22:39:52] -- [WARN ]: [java.util.jar] -- Duplicate name in Manifest: Sealed.
Ensure that the manifest does not have duplicate entries, and
that blank lines separate individual sections in both your
manifest and in the META-INF/MANIFEST.MF entry in the jar file.
[2020-05-28 22:39:52] -- [WARN ]: [java.util.jar] -- Duplicate name in Manifest: Sealed.
Ensure that the manifest does not have duplicate entries, and
that blank lines separate individual sections in both your
manifest and in the META-INF/MANIFEST.MF entry in the jar file.
[2020-05-28 22:39:52] -- [WARN ]: [java.util.jar] -- Duplicate name in Manifest: Sealed.
Ensure that the manifest does not have duplicate entries, and
that blank lines separate individual sections in both your
manifest and in the META-INF/MANIFEST.MF entry in the jar file.
[2020-05-28 22:39:52] -- [WARN ]: [java.util.jar] -- Duplicate name in Manifest: Sealed.
Ensure that the manifest does not have duplicate entries, and
that blank lines separate individual sections in both your
manifest and in the META-INF/MANIFEST.MF entry in the jar file.
[2020-05-28 22:39:52] -- [WARN ]: [java.util.jar] -- Duplicate name in Manifest: Sealed.
Ensure that the manifest does not have duplicate entries, and
that blank lines separate individual sections in both your
manifest and in the META-INF/MANIFEST.MF entry in the jar file.
[2020-05-28 22:41:50] -- [WARN ]: [java.util.jar] -- Duplicate name in Manifest: Sealed.
Ensure that the manifest does not have duplicate entries, and
that blank lines separate individual sections in both your
manifest and in the META-INF/MANIFEST.MF entry in the jar file.
[2020-05-28 22:41:50] -- [WARN ]: [java.util.jar] -- Duplicate name in Manifest: Sealed.
Ensure that the manifest does not have duplicate entries, and
that blank lines separate individual sections in both your
manifest and in the META-INF/MANIFEST.MF entry in the jar file.
[2020-05-28 22:41:50] -- [WARN ]: [java.util.jar] -- Duplicate name in Manifest: Sealed.
Ensure that the manifest does not have duplicate entries, and
that blank lines separate individual sections in both your
manifest and in the META-INF/MANIFEST.MF entry in the jar file.
[2020-05-28 22:41:50] -- [WARN ]: [java.util.jar] -- Duplicate name in Manifest: Sealed.
Ensure that the manifest does not have duplicate entries, and
that blank lines separate individual sections in both your
manifest and in the META-INF/MANIFEST.MF entry in the jar file.
[2020-05-28 22:41:50] -- [WARN ]: [java.util.jar] -- Duplicate name in Manifest: Sealed.
Ensure that the manifest does not have duplicate entries, and
that blank lines separate individual sections in both your
manifest and in the META-INF/MANIFEST.MF entry in the jar file.
[2020-05-28 22:41:50] -- [WARN ]: [java.util.jar] -- Duplicate name in Manifest: Sealed.
Ensure that the manifest does not have duplicate entries, and
that blank lines separate individual sections in both your
manifest and in the META-INF/MANIFEST.MF entry in the jar file.
[2020-05-28 22:59:50] -- [WARN ]: [com.alibaba.druid.pool.DruidDataSource] -- close connection error
java.sql.SQLRecoverableException: IO Error: Operation timed out (Read failed)
	at oracle.jdbc.driver.T4CConnection.logoff(T4CConnection.java:587)
	at oracle.jdbc.driver.PhysicalConnection.close(PhysicalConnection.java:4011)
	at com.alibaba.druid.filter.FilterChainImpl.connection_close(FilterChainImpl.java:186)
	at com.alibaba.druid.filter.FilterAdapter.connection_close(FilterAdapter.java:777)
	at com.alibaba.druid.filter.logging.LogFilter.connection_close(LogFilter.java:450)
	at com.alibaba.druid.filter.FilterChainImpl.connection_close(FilterChainImpl.java:181)
	at com.alibaba.druid.filter.FilterAdapter.connection_close(FilterAdapter.java:777)
	at com.alibaba.druid.filter.FilterChainImpl.connection_close(FilterChainImpl.java:181)
	at com.alibaba.druid.filter.stat.StatFilter.connection_close(StatFilter.java:261)
	at com.alibaba.druid.filter.FilterChainImpl.connection_close(FilterChainImpl.java:181)
	at com.alibaba.druid.proxy.jdbc.ConnectionProxyImpl.close(ConnectionProxyImpl.java:114)
	at com.alibaba.druid.pool.DruidDataSource.close(DruidDataSource.java:2010)
	at sun.reflect.NativeMethodAccessorImpl.invoke0(Native Method)
	at sun.reflect.NativeMethodAccessorImpl.invoke(NativeMethodAccessorImpl.java:62)
	at sun.reflect.DelegatingMethodAccessorImpl.invoke(DelegatingMethodAccessorImpl.java:43)
	at java.lang.reflect.Method.invoke(Method.java:498)
	at org.springframework.beans.factory.support.DisposableBeanAdapter.invokeCustomDestroyMethod(DisposableBeanAdapter.java:339)
	at org.springframework.beans.factory.support.DisposableBeanAdapter.destroy(DisposableBeanAdapter.java:273)
	at org.springframework.beans.factory.support.DefaultSingletonBeanRegistry.destroyBean(DefaultSingletonBeanRegistry.java:571)
	at org.springframework.beans.factory.support.DefaultSingletonBeanRegistry.destroySingleton(DefaultSingletonBeanRegistry.java:543)
	at org.springframework.beans.factory.support.DefaultListableBeanFactory.destroySingleton(DefaultListableBeanFactory.java:1075)
	at org.springframework.beans.factory.support.DefaultSingletonBeanRegistry.destroySingletons(DefaultSingletonBeanRegistry.java:504)
	at org.springframework.beans.factory.support.DefaultListableBeanFactory.destroySingletons(DefaultListableBeanFactory.java:1068)
	at org.springframework.context.support.AbstractApplicationContext.destroyBeans(AbstractApplicationContext.java:1060)
	at org.springframework.context.support.AbstractApplicationContext.doClose(AbstractApplicationContext.java:1029)
	at org.springframework.context.support.AbstractApplicationContext$1.run(AbstractApplicationContext.java:948)
Caused by: java.net.SocketException: Operation timed out (Read failed)
	at java.net.SocketInputStream.socketRead0(Native Method)
	at java.net.SocketInputStream.socketRead(SocketInputStream.java:116)
	at java.net.SocketInputStream.read(SocketInputStream.java:171)
	at java.net.SocketInputStream.read(SocketInputStream.java:141)
	at oracle.net.ns.Packet.receive(Packet.java:308)
	at oracle.net.ns.DataPacket.receive(DataPacket.java:106)
	at oracle.net.ns.NetInputStream.getNextPacket(NetInputStream.java:324)
	at oracle.net.ns.NetInputStream.read(NetInputStream.java:268)
	at oracle.net.ns.NetInputStream.read(NetInputStream.java:190)
	at oracle.net.ns.NetInputStream.read(NetInputStream.java:107)
	at oracle.jdbc.driver.T4CSocketInputStreamWrapper.readNextPacket(T4CSocketInputStreamWrapper.java:124)
	at oracle.jdbc.driver.T4CSocketInputStreamWrapper.read(T4CSocketInputStreamWrapper.java:80)
	at oracle.jdbc.driver.T4CMAREngine.unmarshalUB1(T4CMAREngine.java:1137)
	at oracle.jdbc.driver.T4CTTIfun.receive(T4CTTIfun.java:350)
	at oracle.jdbc.driver.T4CTTIfun.doRPC(T4CTTIfun.java:227)
	at oracle.jdbc.driver.T4C7Ocommoncall.doOLOGOFF(T4C7Ocommoncall.java:61)
	at oracle.jdbc.driver.T4CConnection.logoff(T4CConnection.java:574)
	... 25 common frames omitted
[2020-05-28 23:00:12] -- [WARN ]: [com.alibaba.druid.pool.DruidAbstractDataSource] -- oracle.jdbc.driver.OracleDriver is deprecated.Having use oracle.jdbc.OracleDriver.
[2020-05-28 23:00:16] -- [WARN ]: [java.util.jar] -- Duplicate name in Manifest: Sealed.
Ensure that the manifest does not have duplicate entries, and
that blank lines separate individual sections in both your
manifest and in the META-INF/MANIFEST.MF entry in the jar file.
[2020-05-28 23:00:16] -- [WARN ]: [java.util.jar] -- Duplicate name in Manifest: Sealed.
Ensure that the manifest does not have duplicate entries, and
that blank lines separate individual sections in both your
manifest and in the META-INF/MANIFEST.MF entry in the jar file.
[2020-05-28 23:00:16] -- [WARN ]: [java.util.jar] -- Duplicate name in Manifest: Sealed.
Ensure that the manifest does not have duplicate entries, and
that blank lines separate individual sections in both your
manifest and in the META-INF/MANIFEST.MF entry in the jar file.
[2020-05-28 23:00:16] -- [WARN ]: [java.util.jar] -- Duplicate name in Manifest: Sealed.
Ensure that the manifest does not have duplicate entries, and
that blank lines separate individual sections in both your
manifest and in the META-INF/MANIFEST.MF entry in the jar file.
[2020-05-28 23:00:16] -- [WARN ]: [java.util.jar] -- Duplicate name in Manifest: Sealed.
Ensure that the manifest does not have duplicate entries, and
that blank lines separate individual sections in both your
manifest and in the META-INF/MANIFEST.MF entry in the jar file.
[2020-05-28 23:00:16] -- [WARN ]: [java.util.jar] -- Duplicate name in Manifest: Sealed.
Ensure that the manifest does not have duplicate entries, and
that blank lines separate individual sections in both your
manifest and in the META-INF/MANIFEST.MF entry in the jar file.
[2020-05-28 23:00:16] -- [WARN ]: [java.util.jar] -- Duplicate name in Manifest: Sealed.
Ensure that the manifest does not have duplicate entries, and
that blank lines separate individual sections in both your
manifest and in the META-INF/MANIFEST.MF entry in the jar file.
[2020-05-28 23:00:16] -- [WARN ]: [java.util.jar] -- Duplicate name in Manifest: Sealed.
Ensure that the manifest does not have duplicate entries, and
that blank lines separate individual sections in both your
manifest and in the META-INF/MANIFEST.MF entry in the jar file.
[2020-05-28 23:00:16] -- [WARN ]: [java.util.jar] -- Duplicate name in Manifest: Sealed.
Ensure that the manifest does not have duplicate entries, and
that blank lines separate individual sections in both your
manifest and in the META-INF/MANIFEST.MF entry in the jar file.
[2020-05-28 23:00:16] -- [WARN ]: [java.util.jar] -- Duplicate name in Manifest: Sealed.
Ensure that the manifest does not have duplicate entries, and
that blank lines separate individual sections in both your
manifest and in the META-INF/MANIFEST.MF entry in the jar file.
[2020-05-28 23:00:16] -- [WARN ]: [java.util.jar] -- Duplicate name in Manifest: Sealed.
Ensure that the manifest does not have duplicate entries, and
that blank lines separate individual sections in both your
manifest and in the META-INF/MANIFEST.MF entry in the jar file.
[2020-05-28 23:00:16] -- [WARN ]: [java.util.jar] -- Duplicate name in Manifest: Sealed.
Ensure that the manifest does not have duplicate entries, and
that blank lines separate individual sections in both your
manifest and in the META-INF/MANIFEST.MF entry in the jar file.
[2020-05-28 23:01:34] -- [WARN ]: [java.util.jar] -- Duplicate name in Manifest: Sealed.
Ensure that the manifest does not have duplicate entries, and
that blank lines separate individual sections in both your
manifest and in the META-INF/MANIFEST.MF entry in the jar file.
[2020-05-28 23:01:34] -- [WARN ]: [java.util.jar] -- Duplicate name in Manifest: Sealed.
Ensure that the manifest does not have duplicate entries, and
that blank lines separate individual sections in both your
manifest and in the META-INF/MANIFEST.MF entry in the jar file.
[2020-05-28 23:01:34] -- [WARN ]: [java.util.jar] -- Duplicate name in Manifest: Sealed.
Ensure that the manifest does not have duplicate entries, and
that blank lines separate individual sections in both your
manifest and in the META-INF/MANIFEST.MF entry in the jar file.
[2020-05-28 23:01:34] -- [WARN ]: [java.util.jar] -- Duplicate name in Manifest: Sealed.
Ensure that the manifest does not have duplicate entries, and
that blank lines separate individual sections in both your
manifest and in the META-INF/MANIFEST.MF entry in the jar file.
[2020-05-28 23:01:34] -- [WARN ]: [java.util.jar] -- Duplicate name in Manifest: Sealed.
Ensure that the manifest does not have duplicate entries, and
that blank lines separate individual sections in both your
manifest and in the META-INF/MANIFEST.MF entry in the jar file.
[2020-05-28 23:01:34] -- [WARN ]: [java.util.jar] -- Duplicate name in Manifest: Sealed.
Ensure that the manifest does not have duplicate entries, and
that blank lines separate individual sections in both your
manifest and in the META-INF/MANIFEST.MF entry in the jar file.
